h:\users\max\desktop\xpeedio test\dbclient\dbclient\debug\dbclient.pch
h:\users\max\desktop\xpeedio test\dbclient\dbclient\debug\vc120.pdb
h:\users\max\desktop\xpeedio test\dbclient\dbclient\debug\vc120.idb
h:\users\max\desktop\xpeedio test\dbclient\dbclient\debug\stdafx.obj
h:\users\max\desktop\xpeedio test\dbclient\dbclient\debug\dbclient.obj
h:\users\max\desktop\xpeedio test\dbclient\dbclient\debug\network.obj
h:\users\max\desktop\xpeedio test\dbclient\dbclient\debug\dbclient.res
h:\users\max\desktop\xpeedio test\dbclient\debug\dbclient.pdb
h:\users\max\desktop\xpeedio test\dbclient\dbclient\debug\dbclient.tlog\cl.command.1.tlog
h:\users\max\desktop\xpeedio test\dbclient\dbclient\debug\dbclient.tlog\cl.read.1.tlog
h:\users\max\desktop\xpeedio test\dbclient\dbclient\debug\dbclient.tlog\cl.write.1.tlog
h:\users\max\desktop\xpeedio test\dbclient\dbclient\debug\dbclient.tlog\link-cvtres.read.1.tlog
h:\users\max\desktop\xpeedio test\dbclient\dbclient\debug\dbclient.tlog\link-cvtres.write.1.tlog
h:\users\max\desktop\xpeedio test\dbclient\dbclient\debug\dbclient.tlog\link-rc.read.1.tlog
h:\users\max\desktop\xpeedio test\dbclient\dbclient\debug\dbclient.tlog\link-rc.write.1.tlog
h:\users\max\desktop\xpeedio test\dbclient\dbclient\debug\dbclient.tlog\link.120-cvtres.read.1.tlog
h:\users\max\desktop\xpeedio test\dbclient\dbclient\debug\dbclient.tlog\link.120-cvtres.write.1.tlog
h:\users\max\desktop\xpeedio test\dbclient\dbclient\debug\dbclient.tlog\link.120-rc.read.1.tlog
h:\users\max\desktop\xpeedio test\dbclient\dbclient\debug\dbclient.tlog\link.120-rc.write.1.tlog
h:\users\max\desktop\xpeedio test\dbclient\dbclient\debug\dbclient.tlog\link.120.read.1.tlog
h:\users\max\desktop\xpeedio test\dbclient\dbclient\debug\dbclient.tlog\link.120.write.1.tlog
h:\users\max\desktop\xpeedio test\dbclient\dbclient\debug\dbclient.tlog\link.command.1.tlog
h:\users\max\desktop\xpeedio test\dbclient\dbclient\debug\dbclient.tlog\link.read.1.tlog
h:\users\max\desktop\xpeedio test\dbclient\dbclient\debug\dbclient.tlog\link.write.1.tlog
h:\users\max\desktop\xpeedio test\dbclient\dbclient\debug\dbclient.tlog\rc.command.1.tlog
h:\users\max\desktop\xpeedio test\dbclient\dbclient\debug\dbclient.tlog\rc.read.1.tlog
h:\users\max\desktop\xpeedio test\dbclient\dbclient\debug\dbclient.tlog\rc.write.1.tlog
