Build started 2015-10-26 13:35:09.
     1>Project "H:\Users\Max\Desktop\Xpeedio test\dbserver\dbserver.vcxproj" on node 2 (Build target(s)).
     1>ClCompile:
         E:\Program Files (x86)\Visual Studio 2013 Professional\VC\bin\CL.exe /c /Zi /nologo /W3 /WX- /Od /Oy- /D WIN32 /D _DEBUG /D _CONSOLE /D _MBCS /Gm /EHsc /RTC1 /MDd /GS /fp:precise /Zc:wchar_t /Zc:forScope /Fo"Debug\\" /Fd"Debug\vc120.pdb" /Gd /TC /analyze- /errorReport:prompt src\main.c
         main.c
     1>src\main.c(129): warning C4996: 'inet_ntoa': Use inet_ntop() or InetNtop() instead or define _WINSOCK_DEPRECATED_NO_WARNINGS to disable deprecated API warnings
                 H:\Program Files (x86)\Windows Kits\8.1\Include\um\WinSock2.h(1868) : see declaration of 'inet_ntoa'
     1>src\main.c(207): warning C4996: 'strcpy': This function or variable may be unsafe. Consider using strcpy_s instead. To disable deprecation, use _CRT_SECURE_NO_WARNINGS. See online help for details.
                 E:\Program Files (x86)\Visual Studio 2013 Professional\VC\include\string.h(112) : see declaration of 'strcpy'
     1>src\main.c(215): warning C4996: 'strcpy': This function or variable may be unsafe. Consider using strcpy_s instead. To disable deprecation, use _CRT_SECURE_NO_WARNINGS. See online help for details.
                 E:\Program Files (x86)\Visual Studio 2013 Professional\VC\include\string.h(112) : see declaration of 'strcpy'
     1>src\main.c(269): warning C4022: 'query_db' : pointer mismatch for actual parameter 3
     1>src\main.c(279): warning C4996: 'inet_ntoa': Use inet_ntop() or InetNtop() instead or define _WINSOCK_DEPRECATED_NO_WARNINGS to disable deprecated API warnings
                 H:\Program Files (x86)\Windows Kits\8.1\Include\um\WinSock2.h(1868) : see declaration of 'inet_ntoa'
     1>src\main.c(283): warning C4996: 'inet_ntoa': Use inet_ntop() or InetNtop() instead or define _WINSOCK_DEPRECATED_NO_WARNINGS to disable deprecated API warnings
                 H:\Program Files (x86)\Windows Kits\8.1\Include\um\WinSock2.h(1868) : see declaration of 'inet_ntoa'
     1>src\main.c(307): warning C4047: 'function' : 'const char *' differs in levels of indirection from 'int (__stdcall *)(int,fd_set *,fd_set *,fd_set *,const timeval *)'
     1>src\main.c(307): warning C4024: 'strlen' : different types for formal and actual parameter 1
       Link:
         E:\Program Files (x86)\Visual Studio 2013 Professional\VC\bin\link.exe /ERRORREPORT:PROMPT /OUT:"H:\Users\Max\Desktop\Xpeedio test\dbserver\Debug\dbserver.exe" /INCREMENTAL /NOLOGO kernel32.lib user32.lib gdi32.lib winspool.lib comdlg32.lib advapi32.lib shell32.lib ole32.lib oleaut32.lib uuid.lib odbc32.lib odbccp32.lib /MANIFEST /MANIFESTUAC:"level='asInvoker' uiAccess='false'" /manifest:embed /DEBUG /PDB:"H:\Users\Max\Desktop\Xpeedio test\dbserver\Debug\dbserver.pdb" /SUBSYSTEM:CONSOLE /TLBID:1 /DYNAMICBASE /NXCOMPAT /IMPLIB:"H:\Users\Max\Desktop\Xpeedio test\dbserver\Debug\dbserver.lib" /MACHINE:X86 Debug\db.obj
         Debug\main.obj
         Debug\sqlite3.obj
         dbserver.vcxproj -> H:\Users\Max\Desktop\Xpeedio test\dbserver\Debug\dbserver.exe
     1>Done Building Project "H:\Users\Max\Desktop\Xpeedio test\dbserver\dbserver.vcxproj" (Build target(s)).

Build succeeded.

Time Elapsed 00:00:00.45
